1614195696493	geckodriver	INFO	Listening on 127.0.0.1:49839
1614195700041	mozrunner::runner	INFO	Running command: "C:\\Program Files\\Mozilla Firefox\\firefox.exe" "--marionette" "-foreground" "-no-remote" "-profile" "C:\\Users\\Envy\\AppData\\Local\\Temp\\rust_mozprofilesLo6uz"
1614195756195	geckodriver	INFO	Listening on 127.0.0.1:50003
1614195759307	mozrunner::runner	INFO	Running command: "C:\\Program Files\\Mozilla Firefox\\firefox.exe" "--marionette" "-foreground" "-no-remote" "-profile" "C:\\Users\\Envy\\AppData\\Local\\Temp\\rust_mozprofileUvu4xw"
JavaScript error: alu2umvjmfx.cfg, line 2: ReferenceError: Components is not defined
Can't find symbol 'eglSwapBuffersWithDamageEXT'.
Can't find1614195789198	mozrunner::runner	INconsole.error: Region.jsm: "Error fetching region" (new Error("TIMEOUT", "resource://gre/modules/Region.jsm", 726))
console.error: Region.jsm: "Failed to fetch region" (new Error("TIMEOUT", "resource://gre/modules/Region.jsm", 376))
console.warn: SearchSettings: "get: No settings file exists, new profile?" (new Error("", "(unknown module)"))
1614195819301	Marionette	INFO	Listening on port 50011
JavaScript error: resource://activity-stream/lib/ASRouter.jsm, line 968: TypeError: this._storage is null
JavaScript error: resource://gre/modules/UrlClassifierListManager.jsm, line 691: TypeError: this.tablesData[table] is undefined
WARNING: At least one completion condition is taking too long to complete. Conditions: [{"name":"CrashMonitor: Writing notifications to file after receiving profile-before-change","state":"(none)","filename":"resource://gre/modules/CrashMonitor.jsm","lineNumber":176,"stack":["resource://gre/modules/CrashMonitor.jsm:init:176","resource://gre/modules/nsCrashMonitor.jsm:observe:19"]}] Barrier: OS.File: Waiting for clients before profileBeforeChange
WAWARNING: At least one completion condition is taking too long to complete. Conditions: [{"name":"CrashMonitor: Writing notifications to file after receiving profile-before-change","state":"(none)","filename":"resource://gre/modules/CrashMonitor.jsm","lineNumber":176,"stack":["resource://gre/modules/CrashMonitor.jsm:init:176","resource://gre/modules/nsCrashMonitor.jsm:observe:19"]}] Barrier: OS.File: Waiting for clients before profileBeforeChange
WARNING: At least one completion condition is taking too long to complete. Conditions: [{"name":"OS.File: flush I/O queued before profileBeforeChange","state":{"launched":true,"shutdown":false,"worker":true,"pendingReset":false,"latestSent":["Wed Feb 24 2021 20:44:14 GMT+0100 (Central European Standard Time)","makeDir"],"latestReceived":["Wed Feb 24 2021 20:44:14 GMT+0100 (Central European Standard Time)",null],"messagesSent":60,"messagesReceived":60,"messagesQueued":61,"DEBUG":false,"clients":[{"name":"CrashMonitor: Writing notifications to file after receiving profile-before-change","state":"(none)","filename":"resource://gre/modules/CrashMonitor.jsm","lineNumber":176,"stack":["resource://gre/modules/CrashMonitor.jsm:init:176","resource://gre/modules/nsCrashMonitor.jsm:observe:19"]}]},"filename":"resource://gre/modules/osfile/osfile_async_front.jsm","lineNumber":1652,"stack":["resource://gre/modules/osfile/osfile_async_front.jsm:setupShutdown:1652","resource://gre/modules/osfile/osfile_async_front.jsm:null:1672","resource://gre/modules/osfile.jsm:null:11","resource://gre/modules/addons/GMPProvider.jsm:null:16","resource://gre/modules/AddonManager.jsm:startup:789","resource://gre/modules/AddonManager.jsm:startup:3530","resource://gre/modules/addonManager.js:observe:87"]},{"name":"Remote Settings profile-before-change","state":"Remaining: 1 callbacks (importJSONDump-main-url-classifier-skip-urls-8).","filename":"resource://services-settings/RemoteSettingsWorker.jsm","lineNumber":201,"stack":["resource://services-settings/RemoteSettingsWorker.jsm:null:201","resource://services-settings/RemoteSettingsClient.jsm:_importJSONDump:780","resource://services-settings/RemoteSettingsClient.jsm:get/this._importingPromise<:363","resource://services-settings/RemoteSettingsClient.jsm:get:372"]},{"name":"Places Connection shutdown","state":{"progress":{}},"filename":"/builds/worker/checkouts/gecko/toolkit/components/places/Databasconsole.error: (new Error("SessionFile is closed", "resource:///modules/sessionstore/SessionFile.jsm", 433))
console.log: "RemoteSettingsWorker error: Error: Can't import when we've started shutting down."
*** UTM:SVC TimerManager:registerTimer called after profile-before-change notification. Ignoring timer registration for id: telemetry_modules_ping
*** UTM:SVC TimerManager:registerTimer called after profile-before-change notification. Ignoring timer registration for id: telemetry_untrustedmodules_ping
1614195863626	Marionette	INFO	Stopped listening on port 50011

###!!! [Child][RunMessage] Error: Channel closing: too late to send/recv, messages will be lost

,"hasInProgressTransaction":false,"pendingStatements":1,"statementCounter":3},"filename":"resource://gre/modules/Sqlite.jsm","lineNumber":293,"stack":["resource://gre/modules/Sqlite.jsm:ConnectionData:293","resource://gre/modules/Sqlite.jsm:OpenedConnection:1311","resource://gre/modules/Sqlite.jsm:openConnection/</<:1106"]}]},"filename":"resource://gre/modules/Sqlite.jsm","lineNumber":170,"stack":["resource://gre/modules/Sqlite.jsm:null:170","resource://gre/modules/XPCOMUtils.jsm:get:58","resource://gre/modules/Sqlite.jsm:ConnectionData:293","resource://gre/modules/Sqlite.jsm:OpenedConnection:1311","resource://gre/modules/Sqlite.jsm:openConnection/</<:1106"]}] Barrier: profile-before-change
WARNING: At least one completion condition is taking too long to complete. Conditions: [{"name":"protections.sqlite#0: waiting for shutdown","state":{"identifier":"protections.sqlite#0","isCloseRequested":false,"hasDbConn":true,"hasInProgressTransaction":false,"pendingStatements":1,"statementCounter":3},"filename":"resource://gre/modules/Sqlite.jsm","lineNumber":293,"stack":["resource://gre/modules/Sqlite.jsm:ConnectionData:293","resource://gre/modules/Sqlite.jsm:OpenedConnection:1311","resource://gre/modules/Sqlite.jsm:openConnection/</<:1106"]}] Barrier: Sqlite.jsm: wait until all connections are closed
console.error: (new Error("SessionFile is closed", "resource:///modules/sessionstore/SessionFile.jsm", 433))
console.log: "RemoteSettingsWorker error: Error: Can't import when we've started shutting down."
*** UTM:SVC TimerManager:registerTimer called after profile-before-change notification. Ignoring timer registration for id: telemetry_modules_ping
*** UTM:SVC TimerManager:registerTimer called after profile-before-change notification. Ignoring timer registration for id: telemetry_untrustedmodules_ping
1614195863356	Marionette	INFO	Stopped listening on port 50040

###!!! [Child][RunMessage] Error: Channel closing: too late to send/recv, messages will be lost

1614195889735	geckodriver	INFO	Listening on 127.0.0.1:50212
1614195892827	mozrunner::runner	INFO	Running command: "C:\\Program Files\\Mozilla Firefox\\firefox.exe" "--marionette" "-foreground" "-no-remote" "-profile" "C:\\Users\\Envy\\AppData\\Local\\Temp\\rust_mozprofile6M0YT6"
JavaScript error: alu2umvjmfx.cfg, line 2: ReferenceError: Components is not defined
Can't find symbol 'eglSwapBuffersWithDamageEXT'.
Can't find symbol 'eglSetDamageRegionKHR'.
console.warn: SearchSettings: "get: No settings file exists, new profile?" (new Error("", "(unknown module)"))
1614195902287	Marionette	INFO	Listening on port 50221
1614195902473	Marionette	WARN	TLS certificate errors will be ignored for this session
1614195952818	Marionette	INFO	Stopped listening on port 50221

###!!! [Child][RunMessage] Error: Channel closing: too late to send/recv, messages will be lost

"--marionette" "-foreground" "-no-remote" "-profile" "C:\\Users\\Envy\\AppData\\Local\\Temp\\rust_mozprofileViLNQP"
JavaScript error: alu2umvjmfx.cfg, line 2: ReferenceError: Components is not defined
Can't find symbol 'eglSwapBuffersWithDamageEXT'.
Can't find symbol 'eglSetDamageRegionKHR'.
console.warn: SearchSettings: "get: No settings file exists, new profile?" (new Error("", "(unknown module)"))
1614195959837	Marionette	INFO	Listening on port 50293
1614195960034	Marionette	WARN	TLS certificate errors will be ignored for this session
1614196032818	Marionette	INFO	Stopped listening on port 50293
1614196043448	geckodriver	INFO	Listening on 127.0.0.1:50392
1614196046537	mozrunner::runner	INFO	Running command: "C:\\Program Files\\Mozilla Firefox\\firefox.exe" "--marionette" "-foreground" "-no-remote" "-profile" "C:\\Users\\Envy\\AppData\\Local\\Temp\\rust_mozprofileRgzFHv"
JavaScript error: alu2umvjmfx.cfg, line 2: ReferenceError: Components is not defined
Can't find symbol 'eglSwapBuffersWithDamageEXT'.
Can't find symbol 'eglSetDamageRegionKHR'.
console.warn: SearchSettings: "get: No settings file exists, new profile?" (new Error("", "(unknown module)"))
console.error: Region.jsm: "Error fetching region" (new Error("TIMEOUT", "resource://gre/modules/Region.jsm", 726))
console.error: Region.jsm: "Failed to fetch region" (new Error("TIMEOUT", "resource://gre/modules/Region.jsm", 376))
1614196058837	Marionette	INFO	Listening on port 50401
1614196058858	Marionette	WARN	TLS certificate errors will be ignored for this session
JavaScript error: resource://activity-stream/lib/ASRouter.js1614196125900	mozrunner::runner	INFO	Running command: "C:\\Program Files\\Mozilla Firefox\\firefox.exe" "--marionette" "-foreground" "-no-remot1614196128858	Marionette	INFO	Stopped listening on port 50401

###!!! [Child][RunMessage] Error: Channel closing: too late to send/recv, messages will be lost

an't find symbol 'eglSwapBuffersWithDamageEXT'.
Can't find symbol 'eglSetDamageRegionKHR'.
console.warn: SearchSettings: "get: No settings file exists, new profile?" (new Error("", "(unknown module)"))
1614196134711	Marionette	INFO	Listening on port 50467
1614196135053	Marionette	WARN	TLS certificate errors will be ignored for this session
1614196257053	Marionette	INFO	Stopped listening on port 50467

###!!! [Child][RunMessage] Error: Channel closing: too late to send/recv, messages will be lost

1614196258605	geckodriver	INFO	Listening on 127.0.0.1:50546
1614196261675	mozrunner::runner	INFO	Running command: "C:\\Program Files\\Mozilla Firefox\\firefox.exe" "--marionette" "-foreground" "-no-remote" "-profile" "C:\\Users\\Envy\\AppData\\Local\\Temp\\rust_mozprofiledRIvsm"
JavaScript error: alu2umvjmfx.cfg, line 2: ReferenceError: Components is not defined
Can't find symbol 'eglSwapBuffersWithDamageEXT'.
Can't find symbol 'eglSetDamageRegionKHR'.
console.warn: SearchSettings: "get: No settings file exists, new profile?" (new Error("", "(unknown module)"))
1614196272339	Marionette	INFO	Listening on port 50555
1614196272459	Marionette	WARN	TLS certificate errors will be ignored for this session
JavaScript error: resource://activity-stream/lib/ASRouter.jsm, line 968: TypeError: this._storage is null
console.log: "RemoteSettingsWorker error: Error: Can't import when we've started shutting down."
console.log: "RemoteSettingsWorker error: Error: Can't import when we've started shutting down."
console.log: "RemoteSettingsWorker error: Error: Can't import when we've started shutting down."
console.log: "RemoteSettingsWorker error: Error: Can't import when we've started shutting down."
console.log: "RemoteSettingsWorker error: Error: Can't import when we've started shutting down."
console.error: "Could not load engine google@search.mozilla.org: [Exception... \"AddonManager is not initialized\"  nsresult: \"0xc1f30001 (NS_ERROR_NOT_INITIALIZED)\"  location: \"JS frame :: resource://gre/modules/AddonManager.jsm :: installBuiltinAddon :: line 2550\"  data: no]"
console.error: "Could not load engine amazondotcom@search.mozilla.org: [Exception... \"AddonManager is not initialized\"  nsresult: \"0xc1f30001 (NS_ERROR_NOT_INITIALIZED)\"  location: \"JS frame :: resource://gre/modules/AddonManager.jsm :: installBuiltinAddon :: line 2550\"  data: no]"
console.error: "Could not load engine wikipedia@search.mozilla.org: [Exception... \"AddonManager is not initialized\"  nsresult: \"0xc1f30001 (NS_ERROR_NOT_INITIALIZED)\"  location: \"JS frame :: resource://gre/modules/AddonManager.jsm :: installBuiltinAddon :: line 2550\"  data: no]"
console.error: "Could not load engine bing@search.mozilla.org: [Exception... \"AddonManager is not initialized\"  nsresult: \"0xc1f30001 (NS_ERROR_NOT_INITIALIZED)\"  location: \"JS frame :: resource://gre/modules/AddonManager.jsm :: installBuiltinAddon :: line 2550\"  data: no]"
console.error: "Could not load engine ddg@search.mozilla.org: [Exception... \"AddonManager is not initialized\"  nsresult: \"0xc1f30001 (NS_ERROR_NOT_INITIALIZED)\"  location: \"JS frame :: resource://gre/modules/AddonManager.jsm :: installBuiltinAddon :: line 2550\"  data: no]"
console.warn: SearchService: "_init: abandoning init due to shutting down"
JavaScript error: resource://gre/modules/AsyncShutdown.jsm, line 573: uncaught exception: 2147500036
JavaScript error: resource://gre/modules/AsyncShutdown.jsm, line 573: uncaught exception: 2147500036
JavaScript error: resource://gre/modules/AsyncShutdown.jsm, line 573: uncaught exception: 2147500036
JavaScript error: resource://gre/modules/AsyncShutdown.jsm, line 573: uncaught exception: 2147500036
JavaScript error: resource://gre/modules/AsyncShutdown.jsm, line 573: uncaught exception: 2147500036
JavaScript error: resource://gre/modules/AsyncShutdown.jsm, line 573: uncaught exception: 2147500036
JavaScript error: resource://gre/modules/AsyncShutdown.jsm, line 573: uncaught exception: 2147500036
JavaScript error: , line 0: AbortError: A request was aborted, for example through a call to IDBTransaction.abort.
JavaScript error: , line 0: AbortError: A request was aborted, for example through a call to IDBTransaction.abort.
1614196280753	Marionette	INFO	Stopped listening on port 50555

###!!! [Child][RunMessage] Error: Channel closing: too late to send/recv, messages will be lost

JavaScript error: resource:///modules/EveryWindow.jsm, line 37: NS_ERROR_UNEXPECTED: Component returned failure code: 0x8000ffff (NS_ERROR_UNEXPECTED) [nsIWindowMediator.getEnumerator]
JavaScript error: resource://gre/modules/osfile/osfile_async_front.jsm, line 426: Error: OS.File has been shut down. Rejecting post to stat
1614260264079	geckodriver	INFO	Listening on 127.0.0.1:50239
1614260266856	mozrunner::runner	INFO	Running command: "C:\\Program Files\\Mozilla Firefox\\firefox.exe" "--marionette" "-foreground" "-no-remote" "-profile" "C:\\Users\\Envy\\AppData\\Local\\Temp\\rust_mozprofiletQ8BLW"
JavaScript error: alu2umvjmfx.cfg, line 2: ReferenceError: Components is not defined
Can't find symbol 'eglSwapBuffersWithDamageEXT'.
Can't find symbol 'eglSetDamageRegionKHR'.
[Parent 3268, Gecko_IOThread] WARNING: file /builds/worker/checkouts/gecko/ipc/chromium/src/base/process_util_win.cc:166
console.warn: SearchSettings: "get: No settings file exists, new profile?" (new Error("", "(unknown module)"))
1614260304966	Marionette	INFO	Listening on port 50247
1614260305238	Marionette	WARN	TLS certificate errors will be ignored for this session
1614260428912	Marionette	INFO	Stopped listening on port 50247

###!!! [Child][RunMessage] Error: Channel closing: too late to send/recv, messages will be lost

1614261630834	geckodriver	INFO	Listening on 127.0.0.1:50394
1614261633892	mozrunner::runner	INFO	Running command: "C:\\Program Files\\Mozilla Firefox\\firefox.exe" "--marionette" "-foreground" "-no-remote" "-profile" "C:\\Users\\Envy\\AppData\\Local\\Temp\\rust_mozprofilegEapnC"
JavaScript error: alu2umvjmfx.cfg, line 2: ReferenceError: Components is not defined
Can't find symbol 'eglSwapBuffersWithDamageEXT'.
Can't find symbol 'eglSetDamageRegionKHR'.
console.warn: SearchSettings: "get: No settings file exists, new profile?" (new Error("", "(unknown module)"))
1614261639839	Marionette	INFO	Listening on port 50402
1614261640224	Marionette	WARN	TLS certificate errors will be ignored for this session
1614261761174	Marionette	INFO	Stopped listening on port 50402

###!!! [Child][RunMessage] Error: Channel closing: too late to send/recv, messages will be lost

1614262962379	geckodriver	INFO	Listening on 127.0.0.1:50516
1614262965405	mozrunner::runner	INFO	Running command: "C:\\Program Files\\Mozilla Firefox\\firefox.exe" "--marionette" "-foreground" "-no-remote" "-profile" "C:\\Users\\Envy\\AppData\\Local\\Temp\\rust_mozprofileRoU3E6"
JavaScript error: alu2umvjmfx.cfg, line 2: ReferenceError: Components is not defined
Can't find symbol 'eglSwapBuffersWithDamageEXT'.
Can't find symbol 'eglSetDamageRegionKHR'.
console.warn: SearchSettings: "get: No settings file exists, new profile?" (new Error("", "(unknown module)"))
1614262969634	Marionette	INFO	Listening on port 50524
1614262969701	Marionette	WARN	TLS certificate errors will be ignored for this session
1614263091051	Marionette	INFO	Stopped listening on port 50524
JavaScript error: resource://activity-stream/lib/ASRouter.jsm, line 987: NS_ERROR_ILLEGAL_VALUE: Component returned failure code: 0x80070057 (NS_ERROR_ILLEGAL_VALUE) [nsIObserverService.removeObserver]

###!!! [Child][RunMessage] Error: Channel closing: too late to send/recv, messages will be lost

1614264292094	geckodriver	INFO	Listening on 127.0.0.1:50649
1614264295106	mozrunner::runner	INFO	Running command: "C:\\Program Files\\Mozilla Firefox\\firefox.exe" "--marionette" "-foreground" "-no-remote" "-profile" "C:\\Users\\Envy\\AppData\\Local\\Temp\\rust_mozprofilem1fKFb"
JavaScript error: alu2umvjmfx.cfg, line 2: ReferenceError: Components is not defined
Can't find symbol 'eglSwapBuffersWithDamageEXT'.
Can't find symbol 'eglSetDamageRegionKHR'.
console.warn: SearchSettings: "get: No settings file exists, new profile?" (new Error("", "(unknown module)"))
1614264299911	Marionette	INFO	Listening on port 50657
1614264300385	Marionette	WARN	TLS certificate errors will be ignored for this session
1614264421947	Marionette	INFO	Stopped listening on port 50657
JavaScript error: resource://activity-stream/lib/ASRouter.jsm, line 987: NS_ERROR_ILLEGAL_VALUE: Component returned failure code: 0x80070057 (NS_ERROR_ILLEGAL_VALUE) [nsIObserverService.removeObserver]

###!!! [Child][RunMessage] Error: Channel closing: too late to send/recv, messages will be lost

1614265623178	geckodriver	INFO	Listening on 127.0.0.1:50778
1614265626170	mozrunner::runner	INFO	Running command: "C:\\Program Files\\Mozilla Firefox\\firefox.exe" "--marionette" "-foreground" "-no-remote" "-profile" "C:\\Users\\Envy\\AppData\\Local\\Temp\\rust_mozprofileXp1dey"
JavaScript error: alu2umvjmfx.cfg, line 2: ReferenceError: Components is not defined
Can't find symbol 'eglSwapBuffersWithDamageEXT'.
Can't find symbol 'eglSetDamageRegionKHR'.
console.warn: SearchSettings: "get: No settings file exists, new profile?" (new Error("", "(unknown module)"))
1614265630566	Marionette	INFO	Listening on port 50786
1614265631186	Marionette	WARN	TLS certificate errors will be ignored for this session
1614265752435	Marionette	INFO	Stopped listening on port 50786
JavaScript error: resource://activity-stream/lib/ASRouter.jsm, line 987: NS_ERROR_ILLEGAL_VALUE: Component returned failure code: 0x80070057 (NS_ERROR_ILLEGAL_VALUE) [nsIObserverService.removeObserver]

###!!! [Child][RunMessage] Error: Channel closing: too late to send/recv, messages will be lost

1614266953564	geckodriver	INFO	Listening on 127.0.0.1:50915
1614266956605	mozrunner::runner	INFO	Running command: "C:\\Program Files\\Mozilla Firefox\\firefox.exe" "--marionette" "-foreground" "-no-remote" "-profile" "C:\\Users\\Envy\\AppData\\Local\\Temp\\rust_mozprofileaxmfzU"
JavaScript error: alu2umvjmfx.cfg, line 2: ReferenceError: Components is not defined
Can't find symbol 'eglSwapBuffersWithDamageEXT'.
Can't find symbol 'eglSetDamageRegionKHR'.
console.warn: SearchSettings: "get: No settings file exists, new profile?" (new Error("", "(unknown module)"))
1614266960709	Marionette	INFO	Listening on port 50923
1614266960772	Marionette	WARN	TLS certificate errors will be ignored for this session
1614267081992	Marionette	INFO	Stopped listening on port 50923
JavaScript error: resource://activity-stream/lib/ASRouter.jsm, line 987: NS_ERROR_ILLEGAL_VALUE: Component returned failure code: 0x80070057 (NS_ERROR_ILLEGAL_VALUE) [nsIObserverService.removeObserver]

###!!! [Child][RunMessage] Error: Channel closing: too late to send/recv, messages will be lost

1614268283172	geckodriver	INFO	Listening on 127.0.0.1:51050
1614268286226	mozrunner::runner	INFO	Running command: "C:\\Program Files\\Mozilla Firefox\\firefox.exe" "--marionette" "-foreground" "-no-remote" "-profile" "C:\\Users\\Envy\\AppData\\Local\\Temp\\rust_mozprofile6XhiVv"
JavaScript error: alu2umvjmfx.cfg, line 2: ReferenceError: Components is not defined
Can't find symbol 'eglSwapBuffersWithDamageEXT'.
Can't find symbol 'eglSetDamageRegionKHR'.
console.warn: SearchSettings: "get: No settings file exists, new profile?" (new Error("", "(unknown module)"))
1614268290603	Marionette	INFO	Listening on port 51058
1614268291025	Marionette	WARN	TLS certificate errors will be ignored for this session
1614268412142	Marionette	INFO	Stopped listening on port 51058
JavaScript error: resource://activity-stream/lib/ASRouter.jsm, line 987: NS_ERROR_ILLEGAL_VALUE: Component returned failure code: 0x80070057 (NS_ERROR_ILLEGAL_VALUE) [nsIObserverService.removeObserver]
[Parent 10480, Gecko_IOThread] WARNING: file /builds/worker/checkouts/gecko/ipc/chromium/src/base/process_util_win.cc:166

###!!! [Child][RunMessage] Error: Channel closing: too late to send/recv, messages will be lost

1614269613185	geckodriver	INFO	Listening on 127.0.0.1:51180
1614269616217	mozrunner::runner	INFO	Running command: "C:\\Program Files\\Mozilla Firefox\\firefox.exe" "--marionette" "-foreground" "-no-remote" "-profile" "C:\\Users\\Envy\\AppData\\Local\\Temp\\rust_mozprofileXu67bh"
JavaScript error: alu2umvjmfx.cfg, line 2: ReferenceError: Components is not defined
Can't find symbol 'eglSwapBuffersWithDamageEXT'.
Can't find symbol 'eglSetDamageRegionKHR'.
console.warn: SearchSettings: "get: No settings file exists, new profile?" (new Error("", "(unknown module)"))
1614269620282	Marionette	INFO	Listening on port 51188
1614269620409	Marionette	WARN	TLS certificate errors will be ignored for this session
1614269741654	Marionette	INFO	Stopped listening on port 51188
JavaScript error: resource://activity-stream/lib/ASRouter.jsm, line 987: NS_ERROR_ILLEGAL_VALUE: Component returned failure code: 0x80070057 (NS_ERROR_ILLEGAL_VALUE) [nsIObserverService.removeObserver]

###!!! [Child][RunMessage] Error: Channel closing: too late to send/recv, messages will be lost

1614270942592	geckodriver	INFO	Listening on 127.0.0.1:51309
1614270945635	mozrunner::runner	INFO	Running command: "C:\\Program Files\\Mozilla Firefox\\firefox.exe" "--marionette" "-foreground" "-no-remote" "-profile" "C:\\Users\\Envy\\AppData\\Local\\Temp\\rust_mozprofilers3tjM"
JavaScript error: alu2umvjmfx.cfg, line 2: ReferenceError: Components is not defined
Can't find symbol 'eglSwapBuffersWithDamageEXT'.
Can't find symbol 'eglSetDamageRegionKHR'.
console.warn: SearchSettings: "get: No settings file exists, new profile?" (new Error("", "(unknown module)"))
1614270950095	Marionette	INFO	Listening on port 51317
1614270950442	Marionette	WARN	TLS certificate errors will be ignored for this session
1614271071666	Marionette	INFO	Stopped listening on port 51317
JavaScript error: resource://activity-stream/lib/ASRouter.jsm, line 987: NS_ERROR_ILLEGAL_VALUE: Component returned failure code: 0x80070057 (NS_ERROR_ILLEGAL_VALUE) [nsIObserverService.removeObserver]
[Parent 8764, Gecko_IOThread] WARNING: file /builds/worker/checkouts/gecko/ipc/chromium/src/base/process_util_win.cc:166

###!!! [Child][RunMessage] Error: Channel closing: too late to send/recv, messages will be lost

1614272272706	geckodriver	INFO	Listening on 127.0.0.1:51547
1614272275781	mozrunner::runner	INFO	Running command: "C:\\Program Files\\Mozilla Firefox\\firefox.exe" "--marionette" "-foreground" "-no-remote" "-profile" "C:\\Users\\Envy\\AppData\\Local\\Temp\\rust_mozprofileSRetDH"
JavaScript error: alu2umvjmfx.cfg, line 2: ReferenceError: Components is not defined
Can't find symbol 'eglSwapBuffersWithDamageEXT'.
Can't find symbol 'eglSetDamageRegionKHR'.
console.warn: SearchSettings: "get: No settings file exists, new profile?" (new Error("", "(unknown module)"))
1614272280333	Marionette	INFO	Listening on port 51555
1614272280636	Marionette	WARN	TLS certificate errors will be ignored for this session
1614272402188	Marionette	INFO	Stopped listening on port 51555
JavaScript error: resource://activity-stream/lib/ASRouter.jsm, line 987: NS_ERROR_ILLEGAL_VALUE: Component returned failure code: 0x80070057 (NS_ERROR_ILLEGAL_VALUE) [nsIObserverService.removeObserver]
[Parent 14292, Gecko_IOThread] WARNING: file /builds/worker/checkouts/gecko/ipc/chromium/src/base/process_util_win.cc:166

###!!! [Child][RunMessage] Error: Channel closing: too late to send/recv, messages will be lost

1614273603441	geckodriver	INFO	Listening on 127.0.0.1:51810
1614273606509	mozrunner::runner	INFO	Running command: "C:\\Program Files\\Mozilla Firefox\\firefox.exe" "--marionette" "-foreground" "-no-remote" "-profile" "C:\\Users\\Envy\\AppData\\Local\\Temp\\rust_mozprofileAUMnVH"
JavaScript error: alu2umvjmfx.cfg, line 2: ReferenceError: Components is not defined
Can't find symbol 'eglSwapBuffersWithDamageEXT'.
Can't find symbol 'eglSetDamageRegionKHR'.
console.warn: SearchSettings: "get: No settings file exists, new profile?" (new Error("", "(unknown module)"))
1614273611866	Marionette	INFO	Listening on port 51819
1614273612374	Marionette	WARN	TLS certificate errors will be ignored for this session
Marionette threw an error: TypeError: this.curBrowser.contentBrowser is null
GeckoDriver.prototype.navigateTo@chrome://marionette/content/driver.js:1207:3

JavaScript error: , line 0: NotFoundError: No such JSWindowActor 'MarionetteEvents'
JavaScript error: , line 0: NotFoundError: No such JSWindowActor 'MarionetteEvents'
console.log: WebExtensions: reset-default-search: No addons in our list are installed.
1614278955762	Marionette	INFO	Stopped listening on port 51819

###!!! [Child][RunMessage] Error: Channel closing: too late to send/recv, messages will be lost

